<?xml version="1.0" encoding="UTF-8"?>
<!-- Generated by org.testng.reporters.JUnitReportReporter -->
<testsuite hostname="LAPTOP-4AJ8845Q" failures="0" tests="1" name="E2ETest.Homepage" time="140.147" errors="0" timestamp="2020-08-18T15:52:05 BST" skipped="0">
  <testcase classname="E2ETest.Homepage" name="pagenavigation" time="140.147"/>
  <system-out/>
</testsuite> <!-- E2ETest.Homepage -->
